<?xml version="1.0" encoding="UTF-8"?><testsuite errors="0" failures="0" name="com.bestbuy.Storeinfo.StoreCURDTestWithSteps" skipped="0" tests="4" time="8.23" timestamp="2023-01-04T15:56:15.460Z[Europe/London]"><testcase classname="com.bestbuy.Storeinfo.StoreCURDTestWithSteps" name="This will create new product"/><testcase classname="com.bestbuy.Storeinfo.StoreCURDTestWithSteps" name="Verify if the product was added to application"/><testcase classname="com.bestbuy.Storeinfo.StoreCURDTestWithSteps" name="This will update product"/><testcase classname="com.bestbuy.Storeinfo.StoreCURDTestWithSteps" name="This will delete product"/></testsuite>