<?xml version="1.0" encoding="UTF-8"?><testsuite errors="0" failures="0" name="com.bestbuy.Storeinfo.testbase.ProductCRUDTestWithSteps" skipped="0" tests="4" time="0.62" timestamp="2023-01-04T15:56:26.733Z[Europe/London]"><testcase classname="com.bestbuy.Storeinfo.testbase.ProductCRUDTestWithSteps" name="This will create new product"/><testcase classname="com.bestbuy.Storeinfo.testbase.ProductCRUDTestWithSteps" name="Verify if the product was added to the list"/><testcase classname="com.bestbuy.Storeinfo.testbase.ProductCRUDTestWithSteps" name="Update the product information"/><testcase classname="com.bestbuy.Storeinfo.testbase.ProductCRUDTestWithSteps" name="Delete the product and verify if the product is deleted!"/></testsuite>